# Logfile created on Tue Mar 03 14:50:29 -0300 2020  [4;36;1mSQL (0.1ms)[0m   [0;1mSET NAMES 'utf8'[0m
  [4;35;1mSQL (0.7ms)[0m   [0mSET SQL_AUTO_IS_NULL=0[0m


Processing HomeController#index (for 127.0.0.1 at 2020-03-03 14:50:33) [GET]
  [4;36;1mUser Columns (0.8ms)[0m   [0;1mSHOW FIELDS FROM `users`[0m
  [4;35;1mUser Load (0.5ms)[0m   [0mSELECT * FROM `users` WHERE (`users`.`id` = 2) LIMIT 1[0m
Rendering template within layouts/application
Rendering home/index
  [4;36;1mInformativo Load (0.6ms)[0m   [0;1mSELECT * FROM `informativos` WHERE (starts_at <= '2020-03-03 17:50:33' AND ends_at >= '2020-03-03 17:50:34') [0m
  [4;35;1mroles_users Columns (1.4ms)[0m   [0mSHOW FIELDS FROM `roles_users`[0m
  [4;36;1mRole Load (0.3ms)[0m   [0;1mSELECT * FROM `roles` INNER JOIN `roles_users` ON `roles`.id = `roles_users`.role_id WHERE (`roles_users`.user_id = 2 ) [0m
  [4;35;1mRole Columns (1.1ms)[0m   [0mSHOW FIELDS FROM `roles`[0m
  [4;36;1mUnidade Load (0.2ms)[0m   [0;1mSELECT * FROM `unidades` WHERE (id=52) [0m
  [4;35;1mUnidade Columns (0.8ms)[0m   [0mSHOW FIELDS FROM `unidades`[0m
Completed in 542ms (View: 462, DB: 6) | 200 OK [http://localhost/]
  [4;36;1mSQL (0.1ms)[0m   [0;1mSET NAMES 'utf8'[0m
  [4;35;1mSQL (0.2ms)[0m   [0mSET SQL_AUTO_IS_NULL=0[0m


Processing AtribuicaosController#relatorios_anterior_classe (for 127.0.0.1 at 2020-03-03 14:50:40) [GET]
  [4;36;1mUser Columns (0.9ms)[0m   [0;1mSHOW FIELDS FROM `users`[0m
  [4;35;1mUser Load (0.2ms)[0m   [0mSELECT * FROM `users` WHERE (`users`.`id` = 2) LIMIT 1[0m
  [4;36;1mProfessor Load (0.3ms)[0m   [0;1mSELECT id, nome FROM `professors` WHERE (desligado = 0) ORDER BY nome ASC[0m
  [4;35;1mClasse Load (0.3ms)[0m   [0mSELECT * FROM `classes` WHERE (unidade_id = 52 and classe_ano_letivo = 2020 ) ORDER BY classe_classe ASC[0m
  [4;36;1mClasse Load (0.5ms)[0m   [0;1mSELECT * FROM `classes` WHERE (classe_ano_letivo = 2020) ORDER BY classe_classe ASC[0m
  [4;35;1mDisciplina Load (0.1ms)[0m   [0mSELECT * FROM `disciplinas` WHERE ((id != 27 and id !=26) AND nao_disciplina = 0) [0m
Rendering template within layouts/application
Rendering atribuicaos/relatorios_anterior_classe
  [4;36;1mClasse Load (0.2ms)[0m   [0;1mSELECT distinct(classe_ano_letivo) as ano FROM `classes` WHERE (classe_ano_letivo !=2020) ORDER BY classe_ano_letivo DESC[0m
  [4;35;1mClasse Columns (0.6ms)[0m   [0mSHOW FIELDS FROM `classes`[0m
Rendered atribuicaos/_consulta_nome_anterior (33.0ms)
  [4;36;1mCACHE (0.0ms)[0m   [0;1mSELECT distinct(classe_ano_letivo) as ano FROM `classes` WHERE (classe_ano_letivo !=2020) ORDER BY classe_ano_letivo DESC[0m
Rendered atribuicaos/_consulta_classe_anterior (24.3ms)
  [4;35;1mProfessor Columns (0.8ms)[0m   [0mSHOW FIELDS FROM `professors`[0m
Rendered atribuicaos/_consulta_professor (108.5ms)
  [4;36;1mInformativo Load (0.4ms)[0m   [0;1mSELECT * FROM `informativos` WHERE (starts_at <= '2020-03-03 17:50:41' AND ends_at >= '2020-03-03 17:50:41') [0m
  [4;35;1mroles_users Columns (0.7ms)[0m   [0mSHOW FIELDS FROM `roles_users`[0m
  [4;36;1mRole Load (0.1ms)[0m   [0;1mSELECT * FROM `roles` INNER JOIN `roles_users` ON `roles`.id = `roles_users`.role_id WHERE (`roles_users`.user_id = 2 ) [0m
  [4;35;1mRole Columns (0.4ms)[0m   [0mSHOW FIELDS FROM `roles`[0m
  [4;36;1mUnidade Load (0.2ms)[0m   [0;1mSELECT * FROM `unidades` WHERE (id=52) [0m
  [4;35;1mUnidade Columns (0.8ms)[0m   [0mSHOW FIELDS FROM `unidades`[0m
Completed in 570ms (View: 413, DB: 7) | 200 OK [http://localhost/atribuicaos/relatorios_anterior_classe]
  [4;36;1mSQL (0.1ms)[0m   [0;1mSET NAMES 'utf8'[0m
  [4;35;1mSQL (0.1ms)[0m   [0mSET SQL_AUTO_IS_NULL=0[0m


Processing AtribuicaosController#boletim_anterior (for 127.0.0.1 at 2020-03-03 14:50:45) [POST]
  Parameters: {"authenticity_token"=>"yd6xowfPcM4LD8D+EGa8LMhjN1BaV5A1O8Iop9RV+Q0=", "ano_letivo1"=>"2019"}
  [4;36;1mUser Columns (0.9ms)[0m   [0;1mSHOW FIELDS FROM `users`[0m
  [4;35;1mUser Load (0.2ms)[0m   [0mSELECT * FROM `users` WHERE (`users`.`id` = 2) LIMIT 1[0m
  [4;36;1mProfessor Load (0.3ms)[0m   [0;1mSELECT id, nome FROM `professors` WHERE (desligado = 0) ORDER BY nome ASC[0m
  [4;35;1mClasse Load (0.1ms)[0m   [0mSELECT * FROM `classes` WHERE (unidade_id = 52 and classe_ano_letivo = 2020 ) ORDER BY classe_classe ASC[0m
  [4;36;1mClasse Load (0.2ms)[0m   [0;1mSELECT * FROM `classes` WHERE (classe_ano_letivo = 2020) ORDER BY classe_classe ASC[0m
  [4;35;1mDisciplina Load (0.2ms)[0m   [0mSELECT * FROM `disciplinas` WHERE ((id != 27 and id !=26) AND nao_disciplina = 0) [0m
